<?xml version="1.0" encoding="UTF-8"?>
<robot generator="Robot 3.1.2 (Python 3.7.4 on win32)" generated="20200224 21:21:26.253" rpa="false">
<suite id="s1" name="LoginTest" source="C:\Users\venfo\PycharmProjects\Robot_framework_one\Testcases\LoginTest.robot">
<test id="s1-t1" name="Wrong LoginTest">
<kw name="Open my Browser" library="LoginKeywords">
<arguments>
<arg>${url}</arg>
<arg>${browser}</arg>
</arguments>
<kw name="Open Browser" library="Selenium2Library">
<doc>Opens a new browser instance to the given ``url``.</doc>
<arguments>
<arg>${Url}</arg>
<arg>${Browser}</arg>
</arguments>
<msg timestamp="20200224 21:21:26.593" level="INFO">Opening browser 'chrome' to base url 'https://ru.stackoverflow.com'.</msg>
<status status="PASS" starttime="20200224 21:21:26.593" endtime="20200224 21:21:31.050"></status>
</kw>
<status status="PASS" starttime="20200224 21:21:26.592" endtime="20200224 21:21:31.051"></status>
</kw>
<kw name="Click Login" library="LoginKeywords">
<kw name="Click Element" library="Selenium2Library">
<doc>Click element identified by ``locator``.</doc>
<arguments>
<arg>${btn_login}</arg>
</arguments>
<msg timestamp="20200224 21:21:31.053" level="INFO">Clicking element '//a[@class='login-link s-btn s-btn__filled py8 js-gps-track']'.</msg>
<status status="PASS" starttime="20200224 21:21:31.052" endtime="20200224 21:21:31.809"></status>
</kw>
<status status="PASS" starttime="20200224 21:21:31.052" endtime="20200224 21:21:31.809"></status>
</kw>
<kw name="Enter Email" library="LoginKeywords">
<arguments>
<arg>${wrong_email}</arg>
</arguments>
<kw name="Input Text" library="Selenium2Library">
<doc>Types the given ``text`` into text field identified by ``locator``.</doc>
<arguments>
<arg>${txt_email}</arg>
<arg>${email}</arg>
</arguments>
<msg timestamp="20200224 21:21:31.811" level="INFO">Typing text 'dwy11302@eoopy' into text field '//input[@id='email']'.</msg>
<status status="PASS" starttime="20200224 21:21:31.810" endtime="20200224 21:21:31.996"></status>
</kw>
<status status="PASS" starttime="20200224 21:21:31.809" endtime="20200224 21:21:31.996"></status>
</kw>
<kw name="Enter Password" library="LoginKeywords">
<arguments>
<arg>${password}</arg>
</arguments>
<kw name="Input Text" library="Selenium2Library">
<doc>Types the given ``text`` into text field identified by ``locator``.</doc>
<arguments>
<arg>${txt_password}</arg>
<arg>${password}</arg>
</arguments>
<msg timestamp="20200224 21:21:31.997" level="INFO">Typing text '1234qwer' into text field '//input[@id='password']'.</msg>
<status status="PASS" starttime="20200224 21:21:31.997" endtime="20200224 21:21:32.161"></status>
</kw>
<status status="PASS" starttime="20200224 21:21:31.996" endtime="20200224 21:21:32.161"></status>
</kw>
<kw name="Click Submit" library="LoginKeywords">
<kw name="Click Button" library="Selenium2Library">
<doc>Clicks button identified by ``locator``.</doc>
<arguments>
<arg>${btn_submit}</arg>
</arguments>
<msg timestamp="20200224 21:21:32.162" level="INFO">Clicking button '//button[@id='submit-button']'.</msg>
<status status="PASS" starttime="20200224 21:21:32.162" endtime="20200224 21:21:32.262"></status>
</kw>
<status status="PASS" starttime="20200224 21:21:32.162" endtime="20200224 21:21:32.262"></status>
</kw>
<kw name="Verify Alert For Wrong Email" library="LoginKeywords">
<kw name="Wait Until Page Contains Element" library="Selenium2Library">
<doc>Waits until element ``locator`` appears on current page.</doc>
<arguments>
<arg>${label_wrong_data}</arg>
</arguments>
<status status="PASS" starttime="20200224 21:21:32.263" endtime="20200224 21:21:32.875"></status>
</kw>
<kw name="Get Text" library="Selenium2Library">
<doc>Returns the text value of element identified by ``locator``.</doc>
<arguments>
<arg>${label_wrong_data}</arg>
</arguments>
<assign>
<var>${txt_wrong_email}</var>
</assign>
<msg timestamp="20200224 21:21:32.905" level="INFO">${txt_wrong_email} = Указанный адрес не является действительным адресом электронной почты.</msg>
<status status="PASS" starttime="20200224 21:21:32.875" endtime="20200224 21:21:32.905"></status>
</kw>
<kw name="Should Be Equal" library="BuiltIn">
<doc>Fails if the given objects are unequal.</doc>
<arguments>
<arg>${txt_wrong_email}</arg>
<arg>Указанный адрес не является действительным адресом электронной почты.</arg>
</arguments>
<status status="PASS" starttime="20200224 21:21:32.905" endtime="20200224 21:21:32.906"></status>
</kw>
<kw name="Log To Console" library="BuiltIn">
<doc>Logs the given message to the console.</doc>
<arguments>
<arg>${txt_wrong_email}</arg>
</arguments>
<status status="PASS" starttime="20200224 21:21:32.906" endtime="20200224 21:21:32.907"></status>
</kw>
<status status="PASS" starttime="20200224 21:21:32.263" endtime="20200224 21:21:32.907"></status>
</kw>
<kw name="Enter Email" library="LoginKeywords">
<arguments>
<arg>${email}</arg>
</arguments>
<kw name="Input Text" library="Selenium2Library">
<doc>Types the given ``text`` into text field identified by ``locator``.</doc>
<arguments>
<arg>${txt_email}</arg>
<arg>${email}</arg>
</arguments>
<msg timestamp="20200224 21:21:32.908" level="INFO">Typing text 'dwy11302@eoopy.com' into text field '//input[@id='email']'.</msg>
<status status="PASS" starttime="20200224 21:21:32.908" endtime="20200224 21:21:33.064"></status>
</kw>
<status status="PASS" starttime="20200224 21:21:32.908" endtime="20200224 21:21:33.064"></status>
</kw>
<kw name="Enter Password" library="LoginKeywords">
<arguments>
<arg>${wrong_password}</arg>
</arguments>
<kw name="Input Text" library="Selenium2Library">
<doc>Types the given ``text`` into text field identified by ``locator``.</doc>
<arguments>
<arg>${txt_password}</arg>
<arg>${password}</arg>
</arguments>
<msg timestamp="20200224 21:21:33.066" level="INFO">Typing text '1234qwe' into text field '//input[@id='password']'.</msg>
<status status="PASS" starttime="20200224 21:21:33.066" endtime="20200224 21:21:33.209"></status>
</kw>
<status status="PASS" starttime="20200224 21:21:33.065" endtime="20200224 21:21:33.209"></status>
</kw>
<kw name="Click Submit" library="LoginKeywords">
<kw name="Click Button" library="Selenium2Library">
<doc>Clicks button identified by ``locator``.</doc>
<arguments>
<arg>${btn_submit}</arg>
</arguments>
<msg timestamp="20200224 21:21:33.211" level="INFO">Clicking button '//button[@id='submit-button']'.</msg>
<status status="PASS" starttime="20200224 21:21:33.210" endtime="20200224 21:21:33.298"></status>
</kw>
<status status="PASS" starttime="20200224 21:21:33.210" endtime="20200224 21:21:33.299"></status>
</kw>
<kw name="Verify Alert For Wrong Password" library="LoginKeywords">
<kw name="Wait Until Page Contains Element" library="Selenium2Library">
<doc>Waits until element ``locator`` appears on current page.</doc>
<arguments>
<arg>${label_wrong_data}</arg>
</arguments>
<status status="PASS" starttime="20200224 21:21:33.301" endtime="20200224 21:21:34.026"></status>
</kw>
<kw name="Get Text" library="Selenium2Library">
<doc>Returns the text value of element identified by ``locator``.</doc>
<arguments>
<arg>${label_wrong_data}</arg>
</arguments>
<assign>
<var>${txt_wrong_password}</var>
</assign>
<msg timestamp="20200224 21:21:34.053" level="INFO">${txt_wrong_password} = Почта или пароль заданы неверно.</msg>
<status status="PASS" starttime="20200224 21:21:34.026" endtime="20200224 21:21:34.053"></status>
</kw>
<kw name="Should Be Equal" library="BuiltIn">
<doc>Fails if the given objects are unequal.</doc>
<arguments>
<arg>${txt_wrong_password}</arg>
<arg>Почта или пароль заданы неверно.</arg>
</arguments>
<status status="PASS" starttime="20200224 21:21:34.053" endtime="20200224 21:21:34.054"></status>
</kw>
<kw name="Log To Console" library="BuiltIn">
<doc>Logs the given message to the console.</doc>
<arguments>
<arg>${txt_wrong_password}</arg>
</arguments>
<status status="PASS" starttime="20200224 21:21:34.055" endtime="20200224 21:21:34.056"></status>
</kw>
<status status="PASS" starttime="20200224 21:21:33.300" endtime="20200224 21:21:34.057"></status>
</kw>
<kw name="Enter Email" library="LoginKeywords">
<arguments>
<arg>${wrong_email}</arg>
</arguments>
<kw name="Input Text" library="Selenium2Library">
<doc>Types the given ``text`` into text field identified by ``locator``.</doc>
<arguments>
<arg>${txt_email}</arg>
<arg>${email}</arg>
</arguments>
<msg timestamp="20200224 21:21:34.058" level="INFO">Typing text 'dwy11302@eoopy' into text field '//input[@id='email']'.</msg>
<status status="PASS" starttime="20200224 21:21:34.058" endtime="20200224 21:21:34.237"></status>
</kw>
<status status="PASS" starttime="20200224 21:21:34.057" endtime="20200224 21:21:34.237"></status>
</kw>
<kw name="Enter Password" library="LoginKeywords">
<arguments>
<arg>${wrong_password}</arg>
</arguments>
<kw name="Input Text" library="Selenium2Library">
<doc>Types the given ``text`` into text field identified by ``locator``.</doc>
<arguments>
<arg>${txt_password}</arg>
<arg>${password}</arg>
</arguments>
<msg timestamp="20200224 21:21:34.239" level="INFO">Typing text '1234qwe' into text field '//input[@id='password']'.</msg>
<status status="PASS" starttime="20200224 21:21:34.238" endtime="20200224 21:21:34.351"></status>
</kw>
<status status="PASS" starttime="20200224 21:21:34.238" endtime="20200224 21:21:34.351"></status>
</kw>
<kw name="Click Submit" library="LoginKeywords">
<kw name="Click Button" library="Selenium2Library">
<doc>Clicks button identified by ``locator``.</doc>
<arguments>
<arg>${btn_submit}</arg>
</arguments>
<msg timestamp="20200224 21:21:34.353" level="INFO">Clicking button '//button[@id='submit-button']'.</msg>
<status status="PASS" starttime="20200224 21:21:34.352" endtime="20200224 21:21:34.485"></status>
</kw>
<status status="PASS" starttime="20200224 21:21:34.352" endtime="20200224 21:21:34.485"></status>
</kw>
<kw name="Verify Alert For Wrong Email And Password" library="LoginKeywords">
<kw name="Wait Until Page Contains Element" library="Selenium2Library">
<doc>Waits until element ``locator`` appears on current page.</doc>
<arguments>
<arg>${label_wrong_data}</arg>
</arguments>
<status status="PASS" starttime="20200224 21:21:34.487" endtime="20200224 21:21:35.020"></status>
</kw>
<kw name="Get Text" library="Selenium2Library">
<doc>Returns the text value of element identified by ``locator``.</doc>
<arguments>
<arg>${label_wrong_data}</arg>
</arguments>
<assign>
<var>${txt_wrong_email}</var>
</assign>
<msg timestamp="20200224 21:21:35.045" level="INFO">${txt_wrong_email} = Указанный адрес не является действительным адресом электронной почты.</msg>
<status status="PASS" starttime="20200224 21:21:35.021" endtime="20200224 21:21:35.045"></status>
</kw>
<kw name="Should Be Equal" library="BuiltIn">
<doc>Fails if the given objects are unequal.</doc>
<arguments>
<arg>${txt_wrong_email}</arg>
<arg>Указанный адрес не является действительным адресом электронной почты.</arg>
</arguments>
<status status="PASS" starttime="20200224 21:21:35.046" endtime="20200224 21:21:35.048"></status>
</kw>
<kw name="Log To Console" library="BuiltIn">
<doc>Logs the given message to the console.</doc>
<arguments>
<arg>${txt_wrong_email}</arg>
</arguments>
<status status="PASS" starttime="20200224 21:21:35.048" endtime="20200224 21:21:35.049"></status>
</kw>
<status status="PASS" starttime="20200224 21:21:34.487" endtime="20200224 21:21:35.049"></status>
</kw>
<kw name="Close my Browser" library="LoginKeywords">
<kw name="Close All Browsers" library="Selenium2Library">
<doc>Closes all open browsers and resets the browser cache.</doc>
<status status="PASS" starttime="20200224 21:21:35.050" endtime="20200224 21:21:37.318"></status>
</kw>
<status status="PASS" starttime="20200224 21:21:35.049" endtime="20200224 21:21:37.318"></status>
</kw>
<status status="PASS" starttime="20200224 21:21:26.591" endtime="20200224 21:21:37.319" critical="yes"></status>
</test>
<status status="PASS" starttime="20200224 21:21:26.254" endtime="20200224 21:21:37.321"></status>
</suite>
<statistics>
<total>
<stat pass="1" fail="0">Critical Tests</stat>
<stat pass="1" fail="0">All Tests</stat>
</total>
<tag>
</tag>
<suite>
<stat pass="1" fail="0" id="s1" name="LoginTest">LoginTest</stat>
</suite>
</statistics>
<errors>
</errors>
</robot>
