<?xml version="1.0" encoding="UTF-8"?>
<robot generator="Robot 3.1.2 (Python 3.7.4 on win32)" generated="20200223 18:22:04.936" rpa="false">
<suite id="s1" name="LoginTest" source="C:\Users\venfo\PycharmProjects\Robot_framework_one\TestCases\LoginTest.robot">
<test id="s1-t1" name="LoginTest">
<kw name="Open my Browser" library="LoginKeywords">
<arguments>
<arg>${url}</arg>
<arg>${browser}</arg>
</arguments>
<kw name="Open Browser" library="Selenium2Library">
<doc>Opens a new browser instance to the given ``url``.</doc>
<arguments>
<arg>${Url}</arg>
<arg>${Browser}</arg>
</arguments>
<msg timestamp="20200223 18:22:05.197" level="INFO">Opening browser 'chrome' to base url 'https://ru.stackoverflow.com'.</msg>
<status status="PASS" starttime="20200223 18:22:05.196" endtime="20200223 18:22:10.239"></status>
</kw>
<status status="PASS" starttime="20200223 18:22:05.196" endtime="20200223 18:22:10.239"></status>
</kw>
<kw name="Click Login" library="LoginKeywords">
<kw name="Click Element" library="Selenium2Library">
<doc>Click element identified by ``locator``.</doc>
<arguments>
<arg>${btn_login}</arg>
</arguments>
<msg timestamp="20200223 18:22:10.241" level="INFO">Clicking element '//a[@class='login-link s-btn s-btn__filled py8 js-gps-track']'.</msg>
<status status="PASS" starttime="20200223 18:22:10.240" endtime="20200223 18:22:10.857"></status>
</kw>
<status status="PASS" starttime="20200223 18:22:10.240" endtime="20200223 18:22:10.857"></status>
</kw>
<kw name="Enter Email" library="LoginKeywords">
<arguments>
<arg>${email}</arg>
</arguments>
<kw name="Input Text" library="Selenium2Library">
<doc>Types the given ``text`` into text field identified by ``locator``.</doc>
<arguments>
<arg>${txt_email}</arg>
<arg>${email}</arg>
</arguments>
<msg timestamp="20200223 18:22:10.860" level="INFO">Typing text 'dwy11302@eoopy.com' into text field '//input[@id='email']'.</msg>
<status status="PASS" starttime="20200223 18:22:10.859" endtime="20200223 18:22:11.070"></status>
</kw>
<status status="PASS" starttime="20200223 18:22:10.858" endtime="20200223 18:22:11.070"></status>
</kw>
<kw name="Enter Password" library="LoginKeywords">
<arguments>
<arg>${password}</arg>
</arguments>
<kw name="Input Text" library="Selenium2Library">
<doc>Types the given ``text`` into text field identified by ``locator``.</doc>
<arguments>
<arg>${txt_password}</arg>
<arg>${password}</arg>
</arguments>
<msg timestamp="20200223 18:22:11.072" level="INFO">Typing text '1234qwer' into text field '//input[@id='password']'.</msg>
<status status="PASS" starttime="20200223 18:22:11.072" endtime="20200223 18:22:11.229"></status>
</kw>
<status status="PASS" starttime="20200223 18:22:11.071" endtime="20200223 18:22:11.229"></status>
</kw>
<kw name="Click Submit" library="LoginKeywords">
<kw name="Click Button" library="Selenium2Library">
<doc>Clicks button identified by ``locator``.</doc>
<arguments>
<arg>${btn_submit}</arg>
</arguments>
<msg timestamp="20200223 18:22:11.230" level="INFO">Clicking button '//button[@id='submit-button']'.</msg>
<status status="PASS" starttime="20200223 18:22:11.230" endtime="20200223 18:22:11.351"></status>
</kw>
<status status="PASS" starttime="20200223 18:22:11.229" endtime="20200223 18:22:11.351"></status>
</kw>
<kw name="Verify Succesfull Login" library="LoginKeywords">
<kw name="Wait Until Page Contains Element" library="Selenium2Library">
<doc>Waits until element ``locator`` appears on current page.</doc>
<arguments>
<arg>${btn_my_profile}</arg>
</arguments>
<status status="PASS" starttime="20200223 18:22:11.354" endtime="20200223 18:22:13.150"></status>
</kw>
<kw name="Get Element Attribute" library="Selenium2Library">
<doc>Returns value of ``attribute`` from element ``locator``.</doc>
<arguments>
<arg>${btn_my_profile}</arg>
<arg>href</arg>
</arguments>
<assign>
<var>${href}</var>
</assign>
<msg timestamp="20200223 18:22:13.173" level="INFO">${href} = https://ru.stackoverflow.com/users/373580/dwy11302</msg>
<status status="PASS" starttime="20200223 18:22:13.151" endtime="20200223 18:22:13.173"></status>
</kw>
<kw name="Should Be Equal" library="BuiltIn">
<doc>Fails if the given objects are unequal.</doc>
<arguments>
<arg>${href}</arg>
<arg>https://ru.stackoverflow.com/users/373580/dwy11302</arg>
</arguments>
<status status="PASS" starttime="20200223 18:22:13.173" endtime="20200223 18:22:13.173"></status>
</kw>
<kw name="Log To Console" library="BuiltIn">
<doc>Logs the given message to the console.</doc>
<arguments>
<arg>${href}</arg>
</arguments>
<status status="PASS" starttime="20200223 18:22:13.174" endtime="20200223 18:22:13.174"></status>
</kw>
<status status="PASS" starttime="20200223 18:22:11.352" endtime="20200223 18:22:13.175"></status>
</kw>
<kw name="Close my Browser" library="LoginKeywords">
<kw name="Close All Browsers" library="Selenium2Library">
<doc>Closes all open browsers and resets the browser cache.</doc>
<status status="PASS" starttime="20200223 18:22:13.176" endtime="20200223 18:22:15.391"></status>
</kw>
<status status="PASS" starttime="20200223 18:22:13.175" endtime="20200223 18:22:15.391"></status>
</kw>
<status status="PASS" starttime="20200223 18:22:05.195" endtime="20200223 18:22:15.392" critical="yes"></status>
</test>
<status status="PASS" starttime="20200223 18:22:04.938" endtime="20200223 18:22:15.394"></status>
</suite>
<statistics>
<total>
<stat pass="1" fail="0">Critical Tests</stat>
<stat pass="1" fail="0">All Tests</stat>
</total>
<tag>
</tag>
<suite>
<stat pass="1" fail="0" id="s1" name="LoginTest">LoginTest</stat>
</suite>
</statistics>
<errors>
</errors>
</robot>
